<?xml version="1.0" encoding="UTF-8"?>
<!-- Generated by org.testng.reporters.JUnitReportReporter -->
<testsuite hostname="1-STOP10405" name="PropertiesTest" tests="1" failures="0" timestamp="25 Sep 2016 04:24:04 GMT" time="0.006" errors="0">
  <testcase name="printProperties" time="0.006" classname="PropertiesTest"/>
</testsuite> <!-- PropertiesTest -->
